<?xml version="1.0" encoding="UTF-8"?>
<!-- Generated by org.testng.reporters.JUnitReportReporter -->
<testsuite skipped="0" hostname="sneha-PC" name="amazon.qa.testcases.HomePageTest" tests="2" failures="0" timestamp="17 Apr 2020 21:35:53 GMT" time="15.102" errors="0">
  <testcase name="SigninTest" time="8.344" classname="amazon.qa.testcases.HomePageTest"/>
  <testcase name="AmazonLogoTest" time="6.758" classname="amazon.qa.testcases.HomePageTest"/>
</testsuite> <!-- amazon.qa.testcases.HomePageTest -->
