<?xml version="1.0" encoding="UTF-8"?>
<!-- Generated by org.testng.reporters.JUnitReportReporter -->
<testsuite skipped="0" hostname="sneha-PC" name="amazon.qa.testcases.UserAccountPageTest" tests="1" failures="0" timestamp="10 Aug 2020 23:10:34 GMT" time="13.364" errors="0">
  <testcase name="UserAccntTest" time="13.364" classname="amazon.qa.testcases.UserAccountPageTest"/>
</testsuite> <!-- amazon.qa.testcases.UserAccountPageTest -->
