<?xml version="1.0" encoding="UTF-8"?>
<!-- Generated by org.testng.reporters.JUnitReportReporter -->
<testsuite skipped="0" hostname="sneha-PC" name="amazon.qa.testcases.HomePageTest" tests="3" failures="0" timestamp="22 Oct 2018 23:12:22 GMT" time="36.307" errors="0">
  <testcase name="AmazonLogoTest" time="12.326" classname="amazon.qa.testcases.HomePageTest"/>
  <testcase name="SigninTest" time="14.526" classname="amazon.qa.testcases.HomePageTest"/>
  <testcase name="GiftCardsTest" time="9.455" classname="amazon.qa.testcases.HomePageTest"/>
</testsuite> <!-- amazon.qa.testcases.HomePageTest -->
