<?xml version="1.0" encoding="UTF-8"?>
<!-- Generated by org.testng.reporters.JUnitReportReporter -->
<testsuite skipped="0" hostname="sneha-PC" name="amazon.qa.testcases.CreateAccountPageTest" tests="3" failures="0" timestamp="22 Oct 2018 23:12:22 GMT" time="50.461" errors="0">
  <testcase name="CreateAccTest" time="17.516" classname="amazon.qa.testcases.CreateAccountPageTest"/>
  <testcase name="CreateAccTest" time="14.838" classname="amazon.qa.testcases.CreateAccountPageTest"/>
  <testcase name="CreateAccTest" time="18.107" classname="amazon.qa.testcases.CreateAccountPageTest"/>
</testsuite> <!-- amazon.qa.testcases.CreateAccountPageTest -->
