<?xml version="1.0" encoding="UTF-8"?>
<!-- Generated by org.testng.reporters.JUnitReportReporter -->
<testsuite skipped="0" hostname="sneha-PC" name="amazon.qa.testcases.PwdSignInPageTest" tests="1" failures="0" timestamp="10 Aug 2020 23:10:34 GMT" time="13.923" errors="0">
  <testcase name="pwdTest" time="13.923" classname="amazon.qa.testcases.PwdSignInPageTest"/>
</testsuite> <!-- amazon.qa.testcases.PwdSignInPageTest -->
