<?xml version="1.0" encoding="UTF-8"?>
<!-- Generated by org.testng.reporters.JUnitReportReporter -->
<testsuite skipped="0" hostname="sneha-PC" name="amazon.qa.testcases.HomePageTest" tests="2" failures="0" timestamp="10 Aug 2020 23:10:34 GMT" time="16.158" errors="0">
  <testcase name="AmazonLogoTest" time="7.521" classname="amazon.qa.testcases.HomePageTest"/>
  <testcase name="SigninTest" time="8.637" classname="amazon.qa.testcases.HomePageTest"/>
</testsuite> <!-- amazon.qa.testcases.HomePageTest -->
